This file contains any messages produced by compilers while
running configure, to aid debugging if configure makes a mistake.

It was created by fdk-aac configure 2.0.2, which was
generated by GNU Autoconf 2.71.  Invocation command line was

  $ ./configure --prefix=/home/ffmpegBuild/build/libfdk-aac --with-pic --enable-static --enable-shared

## --------- ##
## Platform. ##
## --------- ##

hostname = 谭艺源
uname -m = x86_64
uname -r = 3.3.5-341.x86_64
uname -s = MINGW64_NT-10.0-18363
uname -v = 2022-05-30 21:10 UTC

/usr/bin/uname -p = unknown
/bin/uname -X     = unknown

/bin/arch              = x86_64
/usr/bin/arch -k       = unknown
/usr/convex/getsysinfo = unknown
/usr/bin/hostinfo      = unknown
/bin/machine           = unknown
/usr/bin/oslevel       = unknown
/bin/universe          = unknown

PATH: /mingw64/bin/
PATH: /usr/local/bin/
PATH: /usr/bin/
PATH: /bin/
PATH: /d/English_Software/XFTP/
PATH: /d/English_Software/XSHELL/
PATH: /c/Windows/system32/
PATH: /c/Windows/
PATH: /c/Windows/System32/Wbem/
PATH: /c/Windows/System32/WindowsPowerShell/v1.0/
PATH: /c/Windows/System32/OpenSSH/
PATH: /c/Program Files/Microsoft SQL Server/130/Tools/Binn/
PATH: /c/Users/DELL/.dnx/bin/
PATH: /c/Program Files/Microsoft DNX/Dnvm/
PATH: /d/English_Software/Git_Bash/Git/cmd/
PATH: /d/English_Software/cmake/bin/
PATH: /d/English_Software/vcpkg/
PATH: /c/Program Files/dotnet/
PATH: /d/English_Software/Vld/Visual Leak Detector/bin/Win32/
PATH: /d/English_Software/Vld/Visual Leak Detector/bin/Win64/
PATH: /c/Program Files (x86)/Microsoft Visual Studio 14.0/VC/bin/
PATH: /c/Program Files (x86)/Microsoft Visual Studio 14.0/VC/
PATH: /c/Program Files (x86)/Microsoft Visual Studio 14.0/VC/bin/amd64/
PATH: /d/English_Software/MinGW/mingw-w64/x86_64-8.1.0-posix-seh-rt_v6-rev0/mingw64/bin/
PATH: /c/Program Files/TortoiseGit/bin/
PATH: /d/English_Software/TortoiseGit/
PATH: /d/English_Software/Wget/GnuWin32/bin/
PATH: /d/English_Software/OpenSSL/OpenSSL-Win64/include/
PATH: /d/English_Software/SVN/bin/
PATH: /d/English_Software/Go/go/bin/
PATH: /d/English_Software/redis/
PATH: /c/Strawberry/c/bin/
PATH: /c/Strawberry/perl/site/bin/
PATH: /c/Strawberry/perl/bin/
PATH: /c/Users/DELL/AppData/Local/Microsoft/WindowsApps/
PATH: /d/English_Software/FFMPEG_STATIC/ffmpeg-20200826-8f2c1f2-win64-static/bin/
PATH: /c/Program Files (x86)/IDM Computer Solutions/UltraEdit/
PATH: /c/Program Files (x86)/Microsoft Visual Studio 14.0/Common7/IDE/
PATH: /c/Users/DELL/.dotnet/tools/
PATH: /d/English_Software/VSCode/Microsoft VS Code/bin/
PATH: /d/English_Software/Qt5.10/Tools/mingw530_32/bin/
PATH: /usr/bin/site_perl/
PATH: /usr/bin/vendor_perl/
PATH: /usr/bin/core_perl/


## ----------- ##
## Core tests. ##
## ----------- ##

configure:2139: loading site script /etc/config.site
| # This file is in public domain.
| # Original author: Karlson2k (Evgeny Grin)
| # Written for MSys2 to help running 'configure' scripts
| 
| # Defaults for MSys2/MinGW64-targeted programs
| 
| # Set proper selfname on bash and fallback to default name on other shells
| test -n "${BASH_SOURCE}" 2>/dev/null && config_site_me="${BASH_SOURCE[0]##*/}" || config_site_me=config.site
| 
| # Set default 'host' to speedup configure
| if test -z "$build_alias"; then
|   build_alias="${MSYSTEM_CHOST}"  && \
|     ${as_echo-echo} "$config_site_me:${as_lineno-$LINENO}: default build_alias set to $build_alias" >&5
| fi
| 
| # Set default 'prefix'
| if ( test -z "$prefix" || test "x$prefix" = "xNONE" ) && \
|     ( test -z "$exec_prefix" || test "x$exec_prefix" = "xNONE" ); then
|   prefix="${MSYSTEM_PREFIX}" && \
|     ${as_echo-echo} "$config_site_me:${as_lineno-$LINENO}: default prefix set to $prefix" >&5
| fi
config.site:13: default build_alias set to x86_64-w64-mingw32
configure:2714: looking for aux files: config.guess config.sub ltmain.sh compile missing install-sh
configure:2727:  trying ././
configure:2756:   ././config.guess found
configure:2756:   ././config.sub found
configure:2756:   ././ltmain.sh found
configure:2756:   ././compile found
configure:2756:   ././missing found
configure:2738:   ././install-sh found
configure:2887: checking for a BSD-compatible install
configure:2960: result: /usr/bin/install -c
configure:2971: checking whether build environment is sane
configure:3026: result: yes
configure:3185: checking for a race-free mkdir -p
configure:3229: result: /usr/bin/mkdir -p
configure:3236: checking for gawk
configure:3257: found /usr/bin/gawk
configure:3268: result: gawk
configure:3279: checking whether make sets $(MAKE)
configure:3302: result: yes
configure:3332: checking whether make supports nested variables
configure:3350: result: yes
configure:3435: checking whether UID '197609' is supported by ustar format
configure:3438: result: yes
configure:3445: checking whether GID '197121' is supported by ustar format
configure:3448: result: yes
configure:3456: checking how to create a ustar tar archive
configure:3467: tar --version
tar (GNU tar) 1.34
Copyright (C) 2021 Free Software Foundation, Inc.
License GPLv3+: GNU GPL version 3 or later <https://gnu.org/licenses/gpl.html>.
This is free software: you are free to change and redistribute it.
There is NO WARRANTY, to the extent permitted by law.

Written by John Gilmore and Jay Fenlason.
configure:3470: $? = 0
configure:3510: tardir=conftest.dir && eval tar --format=ustar -chf - "$tardir" >conftest.tar
configure:3513: $? = 0
configure:3517: tar -xf - <conftest.tar
configure:3520: $? = 0
configure:3522: cat conftest.dir/file
GrepMe
configure:3525: $? = 0
configure:3539: result: gnutar
configure:3615: checking whether make supports nested variables
configure:3633: result: yes
configure:3725: checking for gcc
configure:3746: found /mingw64/bin/gcc
configure:3757: result: gcc
configure:4110: checking for C compiler version
configure:4119: gcc --version >&5
gcc.exe (Rev2, Built by MSYS2 project) 12.1.0
Copyright (C) 2022 Free Software Foundation, Inc.
This is free software; see the source for copying conditions.  There is NO
warranty; not even for MERCHANTABILITY or FITNESS FOR A PARTICULAR PURPOSE.

configure:4130: $? = 0
configure:4119: gcc -v >&5
Using built-in specs.
COLLECT_GCC=D:\English_Software\msys2\mingw64\bin\gcc.exe
COLLECT_LTO_WRAPPER=D:/English_Software/msys2/mingw64/bin/../lib/gcc/x86_64-w64-mingw32/12.1.0/lto-wrapper.exe
Target: x86_64-w64-mingw32
Configured with: ../gcc-12.1.0/configure --prefix=/mingw64 --with-local-prefix=/mingw64/local --build=x86_64-w64-mingw32 --host=x86_64-w64-mingw32 --target=x86_64-w64-mingw32 --with-native-system-header-dir=/mingw64/include --libexecdir=/mingw64/lib --enable-bootstrap --enable-checking=release --with-arch=x86-64 --with-tune=generic --enable-languages=c,lto,c++,fortran,ada,objc,obj-c++,jit --enable-shared --enable-static --enable-libatomic --enable-threads=posix --enable-graphite --enable-fully-dynamic-string --enable-libstdcxx-filesystem-ts --enable-libstdcxx-time --disable-libstdcxx-pch --enable-lto --enable-libgomp --disable-multilib --disable-rpath --disable-win32-registry --disable-nls --disable-werror --disable-symvers --with-libiconv --with-system-zlib --with-gmp=/mingw64 --with-mpfr=/mingw64 --with-mpc=/mingw64 --with-isl=/mingw64 --with-pkgversion='Rev2, Built by MSYS2 project' --with-bugurl=https://github.com/msys2/MINGW-packages/issues --with-gnu-as --with-gnu-ld --disable-libstdcxx-debug --with-boot-ldflags=-static-libstdc++ --with-stage1-ldflags=-static-libstdc++
Thread model: posix
Supported LTO compression algorithms: zlib zstd
gcc version 12.1.0 (Rev2, Built by MSYS2 project) 
configure:4130: $? = 0
configure:4119: gcc -V >&5
gcc.exe: error: unrecognized command-line option '-V'
gcc.exe: fatal error: no input files
compilation terminated.
configure:4130: $? = 1
configure:4119: gcc -qversion >&5
gcc.exe: error: unrecognized command-line option '-qversion'; did you mean '--version'?
gcc.exe: fatal error: no input files
compilation terminated.
configure:4130: $? = 1
configure:4119: gcc -version >&5
gcc.exe: error: unrecognized command-line option '-version'
gcc.exe: fatal error: no input files
compilation terminated.
configure:4130: $? = 1
configure:4150: checking whether the C compiler works
configure:4172: gcc    conftest.c  >&5
configure:4176: $? = 0
configure:4226: result: yes
configure:4229: checking for C compiler default output file name
configure:4231: result: a.exe
configure:4237: checking for suffix of executables
configure:4244: gcc -o conftest.exe    conftest.c  >&5
configure:4248: $? = 0
configure:4271: result: .exe
configure:4293: checking whether we are cross compiling
configure:4301: gcc -o conftest.exe    conftest.c  >&5
configure:4305: $? = 0
configure:4312: ./conftest.exe
configure:4316: $? = 0
configure:4331: result: no
configure:4336: checking for suffix of object files
configure:4359: gcc -c   conftest.c >&5
configure:4363: $? = 0
configure:4385: result: o
configure:4389: checking whether the compiler supports GNU C
configure:4409: gcc -c   conftest.c >&5
configure:4409: $? = 0
configure:4419: result: yes
configure:4430: checking whether gcc accepts -g
configure:4451: gcc -c -g  conftest.c >&5
configure:4451: $? = 0
configure:4495: result: yes
configure:4515: checking for gcc option to enable C11 features
configure:4530: gcc  -c -g -O2  conftest.c >&5
configure:4530: $? = 0
configure:4548: result: none needed
configure:4664: checking whether gcc understands -c and -o together
configure:4687: gcc -c conftest.c -o conftest2.o
configure:4690: $? = 0
configure:4687: gcc -c conftest.c -o conftest2.o
configure:4690: $? = 0
configure:4702: result: yes
configure:4722: checking whether make supports the include directive
configure:4737: make -f confmf.GNU && cat confinc.out
this is the am__doit target
configure:4740: $? = 0
configure:4759: result: yes (GNU style)
configure:4785: checking dependency style of gcc
configure:4897: result: gcc3
configure:4981: checking for g++
configure:5002: found /mingw64/bin/g++
configure:5013: result: g++
configure:5040: checking for C++ compiler version
configure:5049: g++ --version >&5
g++.exe (Rev2, Built by MSYS2 project) 12.1.0
Copyright (C) 2022 Free Software Foundation, Inc.
This is free software; see the source for copying conditions.  There is NO
warranty; not even for MERCHANTABILITY or FITNESS FOR A PARTICULAR PURPOSE.

configure:5060: $? = 0
configure:5049: g++ -v >&5
Using built-in specs.
COLLECT_GCC=D:\English_Software\msys2\mingw64\bin\g++.exe
COLLECT_LTO_WRAPPER=D:/English_Software/msys2/mingw64/bin/../lib/gcc/x86_64-w64-mingw32/12.1.0/lto-wrapper.exe
Target: x86_64-w64-mingw32
Configured with: ../gcc-12.1.0/configure --prefix=/mingw64 --with-local-prefix=/mingw64/local --build=x86_64-w64-mingw32 --host=x86_64-w64-mingw32 --target=x86_64-w64-mingw32 --with-native-system-header-dir=/mingw64/include --libexecdir=/mingw64/lib --enable-bootstrap --enable-checking=release --with-arch=x86-64 --with-tune=generic --enable-languages=c,lto,c++,fortran,ada,objc,obj-c++,jit --enable-shared --enable-static --enable-libatomic --enable-threads=posix --enable-graphite --enable-fully-dynamic-string --enable-libstdcxx-filesystem-ts --enable-libstdcxx-time --disable-libstdcxx-pch --enable-lto --enable-libgomp --disable-multilib --disable-rpath --disable-win32-registry --disable-nls --disable-werror --disable-symvers --with-libiconv --with-system-zlib --with-gmp=/mingw64 --with-mpfr=/mingw64 --with-mpc=/mingw64 --with-isl=/mingw64 --with-pkgversion='Rev2, Built by MSYS2 project' --with-bugurl=https://github.com/msys2/MINGW-packages/issues --with-gnu-as --with-gnu-ld --disable-libstdcxx-debug --with-boot-ldflags=-static-libstdc++ --with-stage1-ldflags=-static-libstdc++
Thread model: posix
Supported LTO compression algorithms: zlib zstd
gcc version 12.1.0 (Rev2, Built by MSYS2 project) 
configure:5060: $? = 0
configure:5049: g++ -V >&5
g++.exe: error: unrecognized command-line option '-V'
g++.exe: fatal error: no input files
compilation terminated.
configure:5060: $? = 1
configure:5049: g++ -qversion >&5
g++.exe: error: unrecognized command-line option '-qversion'; did you mean '--version'?
g++.exe: fatal error: no input files
compilation terminated.
configure:5060: $? = 1
configure:5064: checking whether the compiler supports GNU C++
configure:5084: g++ -c   conftest.cpp >&5
configure:5084: $? = 0
configure:5094: result: yes
configure:5105: checking whether g++ accepts -g
configure:5126: g++ -c -g  conftest.cpp >&5
configure:5126: $? = 0
configure:5170: result: yes
configure:5190: checking for g++ option to enable C++11 features
configure:5205: g++  -c -g -O2  conftest.cpp >&5
conftest.cpp: In function 'int main(int, char**)':
conftest.cpp:177:25: warning: empty parentheses were disambiguated as a function declaration [-Wvexing-parse]
  177 |   cxx11test::delegate d2();
      |                         ^~
conftest.cpp:177:25: note: remove parentheses to default-initialize a variable
  177 |   cxx11test::delegate d2();
      |                         ^~
      |                         --
conftest.cpp:177:25: note: or replace parentheses with braces to value-initialize a variable
configure:5205: $? = 0
configure:5223: result: none needed
configure:5289: checking dependency style of g++
configure:5401: result: gcc3
configure:5448: checking build system type
configure:5463: result: x86_64-w64-mingw32
configure:5483: checking host system type
configure:5497: result: x86_64-w64-mingw32
configure:5538: checking how to print strings
configure:5565: result: printf
configure:5586: checking for a sed that does not truncate output
configure:5656: result: /usr/bin/sed
configure:5674: checking for grep that handles long lines and -e
configure:5738: result: /usr/bin/grep
configure:5743: checking for egrep
configure:5811: result: /usr/bin/grep -E
configure:5816: checking for fgrep
configure:5884: result: /usr/bin/grep -F
configure:5920: checking for ld used by gcc
configure:5988: result: D:/English_Software/msys2/mingw64/x86_64-w64-mingw32/bin/ld.exe
configure:5995: checking if the linker (D:/English_Software/msys2/mingw64/x86_64-w64-mingw32/bin/ld.exe) is GNU ld
configure:6011: result: yes
configure:6023: checking for BSD- or MS-compatible name lister (nm)
configure:6078: result: /mingw64/bin/nm -B
configure:6218: checking the name lister (/mingw64/bin/nm -B) interface
configure:6226: gcc -c -g -O2  conftest.c >&5
configure:6229: /mingw64/bin/nm -B "conftest.o"
configure:6232: output
0000000000000000 b .bss
0000000000000000 d .data
0000000000000000 N .debug_abbrev
0000000000000000 N .debug_aranges
0000000000000000 N .debug_info
0000000000000000 N .debug_line
0000000000000000 N .debug_line_str
0000000000000000 r .rdata$zzz
0000000000000000 t .text
0000000000000000 B some_variable
configure:6239: result: BSD nm
configure:6242: checking whether ln -s works
configure:6249: result: no, using cp -pR
configure:6254: checking the maximum length of command line arguments
configure:6386: result: 8192
configure:6434: checking how to convert x86_64-w64-mingw32 file names to x86_64-w64-mingw32 format
configure:6475: result: func_convert_file_msys_to_w32
configure:6482: checking how to convert x86_64-w64-mingw32 file names to toolchain format
configure:6503: result: func_convert_file_msys_to_w32
configure:6510: checking for D:/English_Software/msys2/mingw64/x86_64-w64-mingw32/bin/ld.exe option to reload object files
configure:6518: result: -r
configure:6597: checking for objdump
configure:6618: found /mingw64/bin/objdump
configure:6629: result: objdump
configure:6661: checking how to recognize dependent libraries
configure:6862: result: file_magic ^x86 archive import|^x86 DLL
configure:6952: checking for dlltool
configure:6973: found /mingw64/bin/dlltool
configure:6984: result: dlltool
configure:7017: checking how to associate runtime and link libraries
configure:7045: result: func_cygming_dll_for_implib
configure:7111: checking for ar
configure:7132: found /mingw64/bin/ar
configure:7143: result: ar
configure:7180: checking for archiver @FILE support
configure:7198: gcc -c -g -O2  conftest.c >&5
configure:7198: $? = 0
configure:7202: ar cru libconftest.a @conftest.lst >&5
D:\English_Software\msys2\mingw64\bin\ar.exe: `u' modifier ignored since `D' is the default (see `U')
configure:7205: $? = 0
configure:7210: ar cru libconftest.a @conftest.lst >&5
D:\English_Software\msys2\mingw64\bin\ar.exe: `u' modifier ignored since `D' is the default (see `U')
D:\English_Software\msys2\mingw64\bin\ar.exe: conftest.o: No such file or directory
configure:7213: $? = 1
configure:7225: result: @
configure:7288: checking for strip
configure:7309: found /mingw64/bin/strip
configure:7320: result: strip
configure:7397: checking for ranlib
configure:7418: found /mingw64/bin/ranlib
configure:7429: result: ranlib
configure:7531: checking command to parse /mingw64/bin/nm -B output from gcc object
configure:7685: gcc -c -g -O2  conftest.c >&5
configure:7688: $? = 0
configure:7692: /mingw64/bin/nm -B conftest.o \| sed -n -e 's/^.*[ ]\([ABCDGIRSTW][ABCDGIRSTW]*\)[ ][ ]*\([_A-Za-z][_A-Za-z0-9]*\)\{0,1\}$/\1 \2 \2/p' | sed '/ __gnu_lto/d' \> conftest.nm
configure:7695: $? = 0
configure:7761: gcc -o conftest.exe -g -O2   conftest.c conftstm.o >&5
configure:7764: $? = 0
configure:7802: result: ok
configure:7849: checking for sysroot
configure:7880: result: no
configure:7887: checking for a working dd
configure:7931: result: /usr/bin/dd
configure:7935: checking how to truncate binary pipes
configure:7951: result: /usr/bin/dd bs=4096 count=1
configure:8288: checking for mt
configure:8323: result: no
configure:8343: checking if : is a manifest tool
configure:8350: : '-?'
configure:8358: result: no
configure:9088: checking for stdio.h
configure:9088: gcc -c -g -O2  conftest.c >&5
configure:9088: $? = 0
configure:9088: result: yes
configure:9088: checking for stdlib.h
configure:9088: gcc -c -g -O2  conftest.c >&5
configure:9088: $? = 0
configure:9088: result: yes
configure:9088: checking for string.h
configure:9088: gcc -c -g -O2  conftest.c >&5
configure:9088: $? = 0
configure:9088: result: yes
configure:9088: checking for inttypes.h
configure:9088: gcc -c -g -O2  conftest.c >&5
configure:9088: $? = 0
configure:9088: result: yes
configure:9088: checking for stdint.h
configure:9088: gcc -c -g -O2  conftest.c >&5
configure:9088: $? = 0
configure:9088: result: yes
configure:9088: checking for strings.h
configure:9088: gcc -c -g -O2  conftest.c >&5
configure:9088: $? = 0
configure:9088: result: yes
configure:9088: checking for sys/stat.h
configure:9088: gcc -c -g -O2  conftest.c >&5
configure:9088: $? = 0
configure:9088: result: yes
configure:9088: checking for sys/types.h
configure:9088: gcc -c -g -O2  conftest.c >&5
configure:9088: $? = 0
configure:9088: result: yes
configure:9088: checking for unistd.h
configure:9088: gcc -c -g -O2  conftest.c >&5
configure:9088: $? = 0
configure:9088: result: yes
configure:9113: checking for dlfcn.h
configure:9113: gcc -c -g -O2  conftest.c >&5
conftest.c:50:10: fatal error: dlfcn.h: No such file or directory
   50 | #include <dlfcn.h>
      |          ^~~~~~~~~
compilation terminated.
configure:9113: $? = 1
configure: failed program was:
| /* confdefs.h */
| #define PACKAGE_NAME "fdk-aac"
| #define PACKAGE_TARNAME "fdk-aac"
| #define PACKAGE_VERSION "2.0.2"
| #define PACKAGE_STRING "fdk-aac 2.0.2"
| #define PACKAGE_BUGREPORT "http://sourceforge.net/projects/opencore-amr/"
| #define PACKAGE_URL ""
| #define PACKAGE "fdk-aac"
| #define VERSION "2.0.2"
| #define HAVE_STDIO_H 1
| #define HAVE_STDLIB_H 1
| #define HAVE_STRING_H 1
| #define HAVE_INTTYPES_H 1
| #define HAVE_STDINT_H 1
| #define HAVE_STRINGS_H 1
| #define HAVE_SYS_STAT_H 1
| #define HAVE_SYS_TYPES_H 1
| #define HAVE_UNISTD_H 1
| #define STDC_HEADERS 1
| /* end confdefs.h.  */
| #include <stddef.h>
| #ifdef HAVE_STDIO_H
| # include <stdio.h>
| #endif
| #ifdef HAVE_STDLIB_H
| # include <stdlib.h>
| #endif
| #ifdef HAVE_STRING_H
| # include <string.h>
| #endif
| #ifdef HAVE_INTTYPES_H
| # include <inttypes.h>
| #endif
| #ifdef HAVE_STDINT_H
| # include <stdint.h>
| #endif
| #ifdef HAVE_STRINGS_H
| # include <strings.h>
| #endif
| #ifdef HAVE_SYS_TYPES_H
| # include <sys/types.h>
| #endif
| #ifdef HAVE_SYS_STAT_H
| # include <sys/stat.h>
| #endif
| #ifdef HAVE_UNISTD_H
| # include <unistd.h>
| #endif
| 
| #include <dlfcn.h>
configure:9113: result: no
configure:9383: checking for objdir
configure:9399: result: .libs
configure:9663: checking if gcc supports -fno-rtti -fno-exceptions
configure:9682: gcc -c -g -O2  -fno-rtti -fno-exceptions conftest.c >&5
cc1.exe: warning: command-line option '-fno-rtti' is valid for C++/D/ObjC++ but not for C
configure:9686: $? = 0
configure:9699: result: no
configure:10057: checking for gcc option to produce PIC
configure:10065: result: -DDLL_EXPORT -DPIC
configure:10073: checking if gcc PIC flag -DDLL_EXPORT -DPIC works
configure:10092: gcc -c -g -O2  -DDLL_EXPORT -DPIC -DPIC conftest.c >&5
configure:10096: $? = 0
configure:10109: result: yes
configure:10138: checking if gcc static flag -static works
configure:10167: result: yes
configure:10182: checking if gcc supports -c -o file.o
configure:10204: gcc -c -g -O2  -o out/conftest2.o conftest.c >&5
configure:10208: $? = 0
configure:10230: result: yes
configure:10238: checking if gcc supports -c -o file.o
configure:10286: result: yes
configure:10319: checking whether the gcc linker (D:/English_Software/msys2/mingw64/x86_64-w64-mingw32/bin/ld.exe) supports shared libraries
configure:11586: result: yes
configure:11623: checking whether -lc should be explicitly linked in
configure:11632: gcc -c -g -O2  conftest.c >&5
configure:11635: $? = 0
configure:11650: gcc -shared conftest.o  -v -o ./conftest -Wl,--enable-auto-image-base -Xlinker --out-implib -Xlinker conftest 2\>\&1 \| /usr/bin/grep  -lc  \>/dev/null 2\>\&1
configure:11653: $? = 1
configure:11667: result: yes
configure:11827: checking dynamic linker characteristics
configure:12648: result: Win32 ld.exe
configure:12770: checking how to hardcode library paths into programs
configure:12795: result: immediate
configure:13347: checking whether stripping libraries is possible
configure:13352: result: yes
configure:13387: checking if libtool supports shared libraries
configure:13389: result: yes
configure:13392: checking whether to build shared libraries
configure:13417: result: yes
configure:13420: checking whether to build static libraries
configure:13424: result: yes
configure:13447: checking how to run the C++ preprocessor
configure:13469: g++ -E  conftest.cpp
configure:13469: $? = 0
configure:13484: g++ -E  conftest.cpp
conftest.cpp:22:10: fatal error: ac_nonexistent.h: No such file or directory
   22 | #include <ac_nonexistent.h>
      |          ^~~~~~~~~~~~~~~~~~
compilation terminated.
configure:13484: $? = 1
configure: failed program was:
| /* confdefs.h */
| #define PACKAGE_NAME "fdk-aac"
| #define PACKAGE_TARNAME "fdk-aac"
| #define PACKAGE_VERSION "2.0.2"
| #define PACKAGE_STRING "fdk-aac 2.0.2"
| #define PACKAGE_BUGREPORT "http://sourceforge.net/projects/opencore-amr/"
| #define PACKAGE_URL ""
| #define PACKAGE "fdk-aac"
| #define VERSION "2.0.2"
| #define HAVE_STDIO_H 1
| #define HAVE_STDLIB_H 1
| #define HAVE_STRING_H 1
| #define HAVE_INTTYPES_H 1
| #define HAVE_STDINT_H 1
| #define HAVE_STRINGS_H 1
| #define HAVE_SYS_STAT_H 1
| #define HAVE_SYS_TYPES_H 1
| #define HAVE_UNISTD_H 1
| #define STDC_HEADERS 1
| #define LT_OBJDIR ".libs/"
| /* end confdefs.h.  */
| #include <ac_nonexistent.h>
configure:13511: result: g++ -E
configure:13525: g++ -E  conftest.cpp
configure:13525: $? = 0
configure:13540: g++ -E  conftest.cpp
conftest.cpp:22:10: fatal error: ac_nonexistent.h: No such file or directory
   22 | #include <ac_nonexistent.h>
      |          ^~~~~~~~~~~~~~~~~~
compilation terminated.
configure:13540: $? = 1
configure: failed program was:
| /* confdefs.h */
| #define PACKAGE_NAME "fdk-aac"
| #define PACKAGE_TARNAME "fdk-aac"
| #define PACKAGE_VERSION "2.0.2"
| #define PACKAGE_STRING "fdk-aac 2.0.2"
| #define PACKAGE_BUGREPORT "http://sourceforge.net/projects/opencore-amr/"
| #define PACKAGE_URL ""
| #define PACKAGE "fdk-aac"
| #define VERSION "2.0.2"
| #define HAVE_STDIO_H 1
| #define HAVE_STDLIB_H 1
| #define HAVE_STRING_H 1
| #define HAVE_INTTYPES_H 1
| #define HAVE_STDINT_H 1
| #define HAVE_STRINGS_H 1
| #define HAVE_SYS_STAT_H 1
| #define HAVE_SYS_TYPES_H 1
| #define HAVE_UNISTD_H 1
| #define STDC_HEADERS 1
| #define LT_OBJDIR ".libs/"
| /* end confdefs.h.  */
| #include <ac_nonexistent.h>
configure:13705: checking for ld used by g++
configure:13773: result: D:/English_Software/msys2/mingw64/x86_64-w64-mingw32/bin/ld.exe
configure:13780: checking if the linker (D:/English_Software/msys2/mingw64/x86_64-w64-mingw32/bin/ld.exe) is GNU ld
configure:13796: result: yes
configure:13851: checking whether the g++ linker (D:/English_Software/msys2/mingw64/x86_64-w64-mingw32/bin/ld.exe) supports shared libraries
configure:14929: result: yes
configure:14965: g++ -c -g -O2  conftest.cpp >&5
configure:14968: $? = 0
configure:15449: checking for g++ option to produce PIC
configure:15457: result: -DDLL_EXPORT -DPIC
configure:15465: checking if g++ PIC flag -DDLL_EXPORT -DPIC works
configure:15484: g++ -c -g -O2  -DDLL_EXPORT -DPIC -DPIC conftest.cpp >&5
configure:15488: $? = 0
configure:15501: result: yes
configure:15524: checking if g++ static flag -static works
configure:15553: result: yes
configure:15565: checking if g++ supports -c -o file.o
configure:15587: g++ -c -g -O2  -o out/conftest2.o conftest.cpp >&5
configure:15591: $? = 0
configure:15613: result: yes
configure:15618: checking if g++ supports -c -o file.o
configure:15666: result: yes
configure:15696: checking whether the g++ linker (D:/English_Software/msys2/mingw64/x86_64-w64-mingw32/bin/ld.exe) supports shared libraries
configure:15736: result: yes
configure:15878: checking dynamic linker characteristics
configure:16626: result: Win32 ld.exe
configure:16691: checking how to hardcode library paths into programs
configure:16716: result: immediate
configure:16778: checking for library containing sin
configure:16808: gcc -o conftest.exe -g -O2   conftest.c  >&5
conftest.c:26:6: warning: conflicting types for built-in function 'sin'; expected 'double(double)' [-Wbuiltin-declaration-mismatch]
   26 | char sin ();
      |      ^~~
conftest.c:1:1: note: 'sin' is declared in header '<math.h>'
    1 | /* confdefs.h */
configure:16808: $? = 0
configure:16828: result: none required
configure:16989: checking that generated files are newer than configure
configure:16995: result: done
configure:17026: creating ./config.status

## ---------------------- ##
## Running config.status. ##
## ---------------------- ##

This file was extended by fdk-aac config.status 2.0.2, which was
generated by GNU Autoconf 2.71.  Invocation command line was

  CONFIG_FILES    = 
  CONFIG_HEADERS  = 
  CONFIG_LINKS    = 
  CONFIG_COMMANDS = 
  $ ./config.status 

on 谭艺源

config.status:1090: creating Makefile
config.status:1090: creating fdk-aac.pc
config.status:1262: executing depfiles commands
config.status:1339: cd .       && sed -e '/# am--include-marker/d' Makefile         | make -f - am--depfiles
config.status:1344: $? = 0
config.status:1262: executing libtool commands

## ---------------- ##
## Cache variables. ##
## ---------------- ##

ac_cv_build=x86_64-w64-mingw32
ac_cv_c_compiler_gnu=yes
ac_cv_cxx_compiler_gnu=yes
ac_cv_env_CCC_set=
ac_cv_env_CCC_value=
ac_cv_env_CC_set=
ac_cv_env_CC_value=
ac_cv_env_CFLAGS_set=
ac_cv_env_CFLAGS_value=
ac_cv_env_CPPFLAGS_set=
ac_cv_env_CPPFLAGS_value=
ac_cv_env_CXXCPP_set=
ac_cv_env_CXXCPP_value=
ac_cv_env_CXXFLAGS_set=
ac_cv_env_CXXFLAGS_value=
ac_cv_env_CXX_set=
ac_cv_env_CXX_value=
ac_cv_env_LDFLAGS_set=
ac_cv_env_LDFLAGS_value=
ac_cv_env_LIBS_set=
ac_cv_env_LIBS_value=
ac_cv_env_LT_SYS_LIBRARY_PATH_set=
ac_cv_env_LT_SYS_LIBRARY_PATH_value=
ac_cv_env_build_alias_set=
ac_cv_env_build_alias_value=
ac_cv_env_host_alias_set=
ac_cv_env_host_alias_value=
ac_cv_env_target_alias_set=
ac_cv_env_target_alias_value=
ac_cv_exeext=.exe
ac_cv_header_dlfcn_h=no
ac_cv_header_inttypes_h=yes
ac_cv_header_stdint_h=yes
ac_cv_header_stdio_h=yes
ac_cv_header_stdlib_h=yes
ac_cv_header_string_h=yes
ac_cv_header_strings_h=yes
ac_cv_header_sys_stat_h=yes
ac_cv_header_sys_types_h=yes
ac_cv_header_unistd_h=yes
ac_cv_host=x86_64-w64-mingw32
ac_cv_objext=o
ac_cv_path_EGREP='/usr/bin/grep -E'
ac_cv_path_FGREP='/usr/bin/grep -F'
ac_cv_path_GREP=/usr/bin/grep
ac_cv_path_SED=/usr/bin/sed
ac_cv_path_install='/usr/bin/install -c'
ac_cv_path_lt_DD=/usr/bin/dd
ac_cv_path_mkdir=/usr/bin/mkdir
ac_cv_prog_AWK=gawk
ac_cv_prog_CXXCPP='g++ -E'
ac_cv_prog_ac_ct_AR=ar
ac_cv_prog_ac_ct_CC=gcc
ac_cv_prog_ac_ct_CXX=g++
ac_cv_prog_ac_ct_DLLTOOL=dlltool
ac_cv_prog_ac_ct_OBJDUMP=objdump
ac_cv_prog_ac_ct_RANLIB=ranlib
ac_cv_prog_ac_ct_STRIP=strip
ac_cv_prog_cc_c11=
ac_cv_prog_cc_g=yes
ac_cv_prog_cc_stdc=
ac_cv_prog_cxx_11=no
ac_cv_prog_cxx_cxx11=
ac_cv_prog_cxx_g=yes
ac_cv_prog_cxx_stdcxx=
ac_cv_prog_make_make_set=yes
ac_cv_search_sin='none required'
am_cv_CC_dependencies_compiler_type=gcc3
am_cv_CXX_dependencies_compiler_type=gcc3
am_cv_make_support_nested_variables=yes
am_cv_prog_cc_c_o=yes
am_cv_prog_tar_ustar=gnutar
lt_cv_ar_at_file=@
lt_cv_archive_cmds_need_lc=yes
lt_cv_deplibs_check_method='file_magic ^x86 archive import|^x86 DLL'
lt_cv_file_magic_cmd=func_win32_libid
lt_cv_file_magic_test_file=
lt_cv_ld_reload_flag=-r
lt_cv_nm_interface='BSD nm'
lt_cv_objdir=.libs
lt_cv_path_LD=D:/English_Software/msys2/mingw64/x86_64-w64-mingw32/bin/ld.exe
lt_cv_path_LDCXX=D:/English_Software/msys2/mingw64/x86_64-w64-mingw32/bin/ld.exe
lt_cv_path_NM='/mingw64/bin/nm -B'
lt_cv_path_mainfest_tool=no
lt_cv_prog_compiler_c_o=yes
lt_cv_prog_compiler_c_o_CXX=yes
lt_cv_prog_compiler_pic='-DDLL_EXPORT -DPIC'
lt_cv_prog_compiler_pic_CXX='-DDLL_EXPORT -DPIC'
lt_cv_prog_compiler_pic_works=yes
lt_cv_prog_compiler_pic_works_CXX=yes
lt_cv_prog_compiler_rtti_exceptions=no
lt_cv_prog_compiler_static_works=yes
lt_cv_prog_compiler_static_works_CXX=yes
lt_cv_prog_gnu_ld=yes
lt_cv_prog_gnu_ldcxx=yes
lt_cv_sharedlib_from_linklib_cmd=func_cygming_dll_for_implib
lt_cv_sys_global_symbol_pipe='sed -n -e '\''s/^.*[	 ]\([ABCDGIRSTW][ABCDGIRSTW]*\)[	 ][	 ]*\([_A-Za-z][_A-Za-z0-9]*\)\{0,1\}$/\1 \2 \2/p'\'' | sed '\''/ __gnu_lto/d'\'''
lt_cv_sys_global_symbol_to_c_name_address='sed -n -e '\''s/^: \(.*\) .*$/  {"\1", (void *) 0},/p'\'' -e '\''s/^[ABCDGIRSTW][ABCDGIRSTW]* .* \(.*\)$/  {"\1", (void *) \&\1},/p'\'''
lt_cv_sys_global_symbol_to_c_name_address_lib_prefix='sed -n -e '\''s/^: \(.*\) .*$/  {"\1", (void *) 0},/p'\'' -e '\''s/^[ABCDGIRSTW][ABCDGIRSTW]* .* \(lib.*\)$/  {"\1", (void *) \&\1},/p'\'' -e '\''s/^[ABCDGIRSTW][ABCDGIRSTW]* .* \(.*\)$/  {"lib\1", (void *) \&\1},/p'\'''
lt_cv_sys_global_symbol_to_cdecl='sed -n -e '\''s/^T .* \(.*\)$/extern int \1();/p'\'' -e '\''s/^[ABCDGIRSTW][ABCDGIRSTW]* .* \(.*\)$/extern char \1;/p'\'''
lt_cv_sys_global_symbol_to_import=
lt_cv_sys_max_cmd_len=8192
lt_cv_to_host_file_cmd=func_convert_file_msys_to_w32
lt_cv_to_tool_file_cmd=func_convert_file_msys_to_w32
lt_cv_truncate_bin='/usr/bin/dd bs=4096 count=1'

## ----------------- ##
## Output variables. ##
## ----------------- ##

ACLOCAL='${SHELL} '\''/home/ffmpegBuild/extra/fdk-aac/missing'\'' aclocal-1.16'
AMDEPBACKSLASH='\'
AMDEP_FALSE='#'
AMDEP_TRUE=''
AMTAR='$${TAR-tar}'
AM_BACKSLASH='\'
AM_DEFAULT_V='$(AM_DEFAULT_VERBOSITY)'
AM_DEFAULT_VERBOSITY='0'
AM_V='$(V)'
AR='ar'
AUTOCONF='${SHELL} '\''/home/ffmpegBuild/extra/fdk-aac/missing'\'' autoconf'
AUTOHEADER='${SHELL} '\''/home/ffmpegBuild/extra/fdk-aac/missing'\'' autoheader'
AUTOMAKE='${SHELL} '\''/home/ffmpegBuild/extra/fdk-aac/missing'\'' automake-1.16'
AWK='gawk'
CC='gcc'
CCDEPMODE='depmode=gcc3'
CFLAGS='-g -O2'
CPPFLAGS=''
CSCOPE='cscope'
CTAGS='ctags'
CXX='g++'
CXXCPP='g++ -E'
CXXDEPMODE='depmode=gcc3'
CXXFLAGS='-g -O2'
CYGPATH_W='cygpath -w'
DEFS='-DPACKAGE_NAME=\"fdk-aac\" -DPACKAGE_TARNAME=\"fdk-aac\" -DPACKAGE_VERSION=\"2.0.2\" -DPACKAGE_STRING=\"fdk-aac\ 2.0.2\" -DPACKAGE_BUGREPORT=\"http://sourceforge.net/projects/opencore-amr/\" -DPACKAGE_URL=\"\" -DPACKAGE=\"fdk-aac\" -DVERSION=\"2.0.2\" -DHAVE_STDIO_H=1 -DHAVE_STDLIB_H=1 -DHAVE_STRING_H=1 -DHAVE_INTTYPES_H=1 -DHAVE_STDINT_H=1 -DHAVE_STRINGS_H=1 -DHAVE_SYS_STAT_H=1 -DHAVE_SYS_TYPES_H=1 -DHAVE_UNISTD_H=1 -DSTDC_HEADERS=1 -DLT_OBJDIR=\".libs/\"'
DEPDIR='.deps'
DLLTOOL='dlltool'
DSYMUTIL=''
DUMPBIN=''
ECHO_C=''
ECHO_N='-n'
ECHO_T=''
EGREP='/usr/bin/grep -E'
ETAGS='etags'
EXAMPLE_FALSE=''
EXAMPLE_TRUE='#'
EXEEXT='.exe'
FDK_AAC_VERSION='2:2:0'
FGREP='/usr/bin/grep -F'
GREP='/usr/bin/grep'
INSTALL_DATA='${INSTALL} -m 644'
INSTALL_PROGRAM='${INSTALL}'
INSTALL_SCRIPT='${INSTALL}'
INSTALL_STRIP_PROGRAM='$(install_sh) -c -s'
LD='D:/English_Software/msys2/mingw64/x86_64-w64-mingw32/bin/ld.exe'
LDFLAGS=''
LIBOBJS=''
LIBS=''
LIBS_PRIVATE=''
LIBS_PUBLIC=''
LIBTOOL='$(SHELL) $(top_builddir)/libtool'
LIPO=''
LN_S='cp -pR'
LTLIBOBJS=''
LT_SYS_LIBRARY_PATH=''
MAKEINFO='${SHELL} '\''/home/ffmpegBuild/extra/fdk-aac/missing'\'' makeinfo'
MANIFEST_TOOL=':'
MKDIR_P='/usr/bin/mkdir -p'
NM='/mingw64/bin/nm -B'
NMEDIT=''
OBJDUMP='objdump'
OBJEXT='o'
OTOOL64=''
OTOOL=''
PACKAGE='fdk-aac'
PACKAGE_BUGREPORT='http://sourceforge.net/projects/opencore-amr/'
PACKAGE_NAME='fdk-aac'
PACKAGE_STRING='fdk-aac 2.0.2'
PACKAGE_TARNAME='fdk-aac'
PACKAGE_URL=''
PACKAGE_VERSION='2.0.2'
PATH_SEPARATOR=':'
RANLIB='ranlib'
SED='/usr/bin/sed'
SET_MAKE=''
SHELL='/bin/sh'
STRIP='strip'
VERSION='2.0.2'
ac_ct_AR='ar'
ac_ct_CC='gcc'
ac_ct_CXX='g++'
ac_ct_DUMPBIN=''
am__EXEEXT_FALSE='#'
am__EXEEXT_TRUE=''
am__fastdepCC_FALSE='#'
am__fastdepCC_TRUE=''
am__fastdepCXX_FALSE='#'
am__fastdepCXX_TRUE=''
am__include='include'
am__isrc=''
am__leading_dot='.'
am__nodep='_no'
am__quote=''
am__tar='tar --format=ustar -chf - "$$tardir"'
am__untar='tar -xf -'
bindir='${exec_prefix}/bin'
build='x86_64-w64-mingw32'
build_alias='x86_64-w64-mingw32'
build_cpu='x86_64'
build_os='mingw32'
build_vendor='w64'
datadir='${datarootdir}'
datarootdir='${prefix}/share'
docdir='${datarootdir}/doc/${PACKAGE_TARNAME}'
dvidir='${docdir}'
exec_prefix='${prefix}'
host='x86_64-w64-mingw32'
host_alias=''
host_cpu='x86_64'
host_os='mingw32'
host_vendor='w64'
htmldir='${docdir}'
includedir='${prefix}/include'
infodir='${datarootdir}/info'
install_sh='${SHELL} /home/ffmpegBuild/extra/fdk-aac/install-sh'
libdir='${exec_prefix}/lib'
libexecdir='${exec_prefix}/libexec'
localedir='${datarootdir}/locale'
localstatedir='${prefix}/var'
mandir='${datarootdir}/man'
mkdir_p='$(MKDIR_P)'
oldincludedir='/usr/include'
pdfdir='${docdir}'
prefix='/home/ffmpegBuild/build/libfdk-aac'
program_transform_name='s,x,x,'
psdir='${docdir}'
runstatedir='${localstatedir}/run'
sbindir='${exec_prefix}/sbin'
sharedstatedir='${prefix}/com'
sysconfdir='${prefix}/etc'
target_alias=''

## ----------- ##
## confdefs.h. ##
## ----------- ##

/* confdefs.h */
#define PACKAGE_NAME "fdk-aac"
#define PACKAGE_TARNAME "fdk-aac"
#define PACKAGE_VERSION "2.0.2"
#define PACKAGE_STRING "fdk-aac 2.0.2"
#define PACKAGE_BUGREPORT "http://sourceforge.net/projects/opencore-amr/"
#define PACKAGE_URL ""
#define PACKAGE "fdk-aac"
#define VERSION "2.0.2"
#define HAVE_STDIO_H 1
#define HAVE_STDLIB_H 1
#define HAVE_STRING_H 1
#define HAVE_INTTYPES_H 1
#define HAVE_STDINT_H 1
#define HAVE_STRINGS_H 1
#define HAVE_SYS_STAT_H 1
#define HAVE_SYS_TYPES_H 1
#define HAVE_UNISTD_H 1
#define STDC_HEADERS 1
#define LT_OBJDIR ".libs/"

configure: exit 0
